<?xml version="1.0" encoding="utf-8"?>
<coverage line-rate="1" branch-rate="0.9887999999999999" version="1.9" timestamp="1683910553" lines-covered="310" lines-valid="310" branches-covered="89" branches-valid="90">
  <sources>
    <source>C:\Users\Administrator\Desktop\ce100-hw3-hamzaeren-gencalioglu\ce100-hw3-algo-lib-cs\</source>
  </sources>
  <packages>
    <package name="ce100-hw3-algo-lib-cs" line-rate="1" branch-rate="0.9887999999999999" complexity="115">
      <classes>
        <class name="IkeaAssemblyGuide" filename="IkeaAssemblyGuide.cs" line-rate="1" branch-rate="1" complexity="12">
          <methods>
            <method name="AddPart" signature="(System.String,System.Collections.Generic.List`1&lt;System.String&gt;)" line-rate="1" branch-rate="1" complexity="1">
              <lines>
                <line number="39" hits="12" branch="False" />
                <line number="40" hits="12" branch="False" />
                <line number="41" hits="12" branch="False" />
              </lines>
            </method>
            <method name="TopologicalSort" signature="()" line-rate="1" branch-rate="1" complexity="2">
              <lines>
                <line number="45" hits="1" branch="False" />
                <line number="47" hits="1" branch="False" />
                <line number="50" hits="27" branch="True" condition-coverage="100% (2/2)">
                  <conditions>
                    <condition number="53" type="jump" coverage="100%" />
                  </conditions>
                </line>
                <line number="51" hits="12" branch="False" />
                <line number="52" hits="12" branch="False" />
                <line number="53" hits="12" branch="False" />
                <line number="54" hits="1" branch="False" />
              </lines>
            </method>
            <method name="DFS" signature="(System.String,System.Collections.Generic.HashSet`1&lt;System.String&gt;)" line-rate="1" branch-rate="1" complexity="6">
              <lines>
                <line number="58" hits="30" branch="False" />
                <line number="60" hits="30" branch="True" condition-coverage="100% (2/2)">
                  <conditions>
                    <condition number="10" type="jump" coverage="100%" />
                  </conditions>
                </line>
                <line number="61" hits="18" branch="False" />
                <line number="62" hits="18" branch="False" />
                <line number="66" hits="12" branch="False" />
                <line number="69" hits="12" branch="True" condition-coverage="100% (2/2)">
                  <conditions>
                    <condition number="45" type="jump" coverage="100%" />
                  </conditions>
                </line>
                <line number="70" hits="9" branch="False" />
                <line number="71" hits="63" branch="True" condition-coverage="100% (2/2)">
                  <conditions>
                    <condition number="95" type="jump" coverage="100%" />
                  </conditions>
                </line>
                <line number="72" hits="18" branch="False" />
                <line number="73" hits="18" branch="False" />
                <line number="74" hits="18" branch="False" />
                <line number="75" hits="9" branch="False" />
                <line number="78" hits="12" branch="False" />
                <line number="79" hits="30" branch="False" />
              </lines>
            </method>
            <method name="GetAssemblySteps" signature="()" line-rate="1" branch-rate="1" complexity="2">
              <lines>
                <line number="83" hits="1" branch="False" />
                <line number="85" hits="1" branch="False" />
                <line number="87" hits="13" branch="True" condition-coverage="100% (2/2)">
                  <conditions>
                    <condition number="60" type="jump" coverage="100%" />
                  </conditions>
                </line>
                <line number="88" hits="12" branch="False" />
                <line number="89" hits="12" branch="False" />
                <line number="90" hits="12" branch="False" />
                <line number="91" hits="12" branch="False" />
                <line number="92" hits="12" branch="False" />
                <line number="95" hits="1" branch="False" />
                <line number="96" hits="1" branch="False" />
              </lines>
            </method>
            <method name=".ctor" signature="(System.String,System.String)" line-rate="1" branch-rate="1" complexity="1">
              <lines>
                <line number="28" hits="1" branch="False" />
                <line number="29" hits="1" branch="False" />
                <line number="30" hits="1" branch="False" />
                <line number="31" hits="1" branch="False" />
                <line number="32" hits="1" branch="False" />
                <line number="33" hits="1" branch="False" />
                <line number="34" hits="1" branch="False" />
                <line number="35" hits="1" branch="False" />
              </lines>
            </method>
          </methods>
          <lines>
            <line number="39" hits="12" branch="False" />
            <line number="40" hits="12" branch="False" />
            <line number="41" hits="12" branch="False" />
            <line number="45" hits="1" branch="False" />
            <line number="47" hits="1" branch="False" />
            <line number="50" hits="27" branch="True" condition-coverage="100% (2/2)">
              <conditions>
                <condition number="53" type="jump" coverage="100%" />
              </conditions>
            </line>
            <line number="51" hits="12" branch="False" />
            <line number="52" hits="12" branch="False" />
            <line number="53" hits="12" branch="False" />
            <line number="54" hits="1" branch="False" />
            <line number="58" hits="30" branch="False" />
            <line number="60" hits="30" branch="True" condition-coverage="100% (2/2)">
              <conditions>
                <condition number="10" type="jump" coverage="100%" />
              </conditions>
            </line>
            <line number="61" hits="18" branch="False" />
            <line number="62" hits="18" branch="False" />
            <line number="66" hits="12" branch="False" />
            <line number="69" hits="12" branch="True" condition-coverage="100% (2/2)">
              <conditions>
                <condition number="45" type="jump" coverage="100%" />
              </conditions>
            </line>
            <line number="70" hits="9" branch="False" />
            <line number="71" hits="63" branch="True" condition-coverage="100% (2/2)">
              <conditions>
                <condition number="95" type="jump" coverage="100%" />
              </conditions>
            </line>
            <line number="72" hits="18" branch="False" />
            <line number="73" hits="18" branch="False" />
            <line number="74" hits="18" branch="False" />
            <line number="75" hits="9" branch="False" />
            <line number="78" hits="12" branch="False" />
            <line number="79" hits="30" branch="False" />
            <line number="83" hits="1" branch="False" />
            <line number="85" hits="1" branch="False" />
            <line number="87" hits="13" branch="True" condition-coverage="100% (2/2)">
              <conditions>
                <condition number="60" type="jump" coverage="100%" />
              </conditions>
            </line>
            <line number="88" hits="12" branch="False" />
            <line number="89" hits="12" branch="False" />
            <line number="90" hits="12" branch="False" />
            <line number="91" hits="12" branch="False" />
            <line number="92" hits="12" branch="False" />
            <line number="95" hits="1" branch="False" />
            <line number="96" hits="1" branch="False" />
            <line number="28" hits="1" branch="False" />
            <line number="29" hits="1" branch="False" />
            <line number="30" hits="1" branch="False" />
            <line number="31" hits="1" branch="False" />
            <line number="32" hits="1" branch="False" />
            <line number="33" hits="1" branch="False" />
            <line number="34" hits="1" branch="False" />
            <line number="35" hits="1" branch="False" />
          </lines>
        </class>
        <class name="ce100_hw3_algo_lib_cs.Huffman" filename="Huffman.cs" line-rate="1" branch-rate="1" complexity="7">
          <methods>
            <method name="WriteBitArray" signature="(System.IO.BinaryWriter,System.Collections.BitArray)" line-rate="1" branch-rate="1" complexity="1">
              <lines>
                <line number="98" hits="2" branch="False" />
                <line number="100" hits="2" branch="False" />
                <line number="101" hits="2" branch="False" />
                <line number="103" hits="2" branch="False" />
                <line number="104" hits="2" branch="False" />
              </lines>
            </method>
            <method name="ReadBitArray" signature="(System.IO.BinaryReader,System.Int64)" line-rate="1" branch-rate="1" complexity="4">
              <lines>
                <line number="107" hits="2" branch="False" />
                <line number="109" hits="2" branch="False" />
                <line number="111" hits="2" branch="False" />
                <line number="114" hits="339302" branch="True" condition-coverage="100% (2/2)">
                  <conditions>
                    <condition number="82" type="jump" coverage="100%" />
                  </conditions>
                </line>
                <line number="115" hits="169648" branch="False" />
                <line number="117" hits="3053664" branch="True" condition-coverage="100% (2/2)">
                  <conditions>
                    <condition number="71" type="jump" coverage="100%" />
                  </conditions>
                </line>
                <line number="118" hits="1357184" branch="False" />
                <line number="120" hits="1357184" branch="False" />
                <line number="121" hits="1357184" branch="False" />
                <line number="122" hits="169648" branch="False" />
                <line number="125" hits="2" branch="False" />
                <line number="126" hits="2" branch="False" />
              </lines>
            </method>
            <method name="GenerateLoremIpsum" signature="(System.Int64)" line-rate="1" branch-rate="1" complexity="2">
              <lines>
                <line number="496" hits="1" branch="False" />
                <line number="498" hits="1" branch="False" />
                <line number="499" hits="1" branch="False" />
                <line number="500" hits="1" branch="False" />
                <line number="502" hits="1" branch="False" />
                <line number="504" hits="1" branch="False" />
                <line number="507" hits="896" branch="True" condition-coverage="100% (2/2)">
                  <conditions>
                    <condition number="56" type="jump" coverage="100%" />
                  </conditions>
                </line>
                <line number="508" hits="447" branch="False" />
                <line number="509" hits="447" branch="False" />
                <line number="510" hits="447" branch="False" />
                <line number="513" hits="1" branch="False" />
                <line number="515" hits="1" branch="False" />
                <line number="516" hits="1" branch="False" />
              </lines>
            </method>
          </methods>
          <lines>
            <line number="98" hits="2" branch="False" />
            <line number="100" hits="2" branch="False" />
            <line number="101" hits="2" branch="False" />
            <line number="103" hits="2" branch="False" />
            <line number="104" hits="2" branch="False" />
            <line number="107" hits="2" branch="False" />
            <line number="109" hits="2" branch="False" />
            <line number="111" hits="2" branch="False" />
            <line number="114" hits="339302" branch="True" condition-coverage="100% (2/2)">
              <conditions>
                <condition number="82" type="jump" coverage="100%" />
              </conditions>
            </line>
            <line number="115" hits="169648" branch="False" />
            <line number="117" hits="3053664" branch="True" condition-coverage="100% (2/2)">
              <conditions>
                <condition number="71" type="jump" coverage="100%" />
              </conditions>
            </line>
            <line number="118" hits="1357184" branch="False" />
            <line number="120" hits="1357184" branch="False" />
            <line number="121" hits="1357184" branch="False" />
            <line number="122" hits="169648" branch="False" />
            <line number="125" hits="2" branch="False" />
            <line number="126" hits="2" branch="False" />
            <line number="496" hits="1" branch="False" />
            <line number="498" hits="1" branch="False" />
            <line number="499" hits="1" branch="False" />
            <line number="500" hits="1" branch="False" />
            <line number="502" hits="1" branch="False" />
            <line number="504" hits="1" branch="False" />
            <line number="507" hits="896" branch="True" condition-coverage="100% (2/2)">
              <conditions>
                <condition number="56" type="jump" coverage="100%" />
              </conditions>
            </line>
            <line number="508" hits="447" branch="False" />
            <line number="509" hits="447" branch="False" />
            <line number="510" hits="447" branch="False" />
            <line number="513" hits="1" branch="False" />
            <line number="515" hits="1" branch="False" />
            <line number="516" hits="1" branch="False" />
          </lines>
        </class>
        <class name="ce100_hw3_algo_lib_cs.Huffman/Node" filename="Huffman.cs" line-rate="1" branch-rate="1" complexity="20">
          <methods>
            <method name="get_Symbol" signature="()" line-rate="1" branch-rate="1" complexity="1">
              <lines>
                <line number="22" hits="2692200" branch="False" />
              </lines>
            </method>
            <method name="set_Symbol" signature="(System.Char)" line-rate="1" branch-rate="1" complexity="1">
              <lines>
                <line number="23" hits="45" branch="False" />
              </lines>
            </method>
            <method name="get_Frequency" signature="()" line-rate="1" branch-rate="1" complexity="1">
              <lines>
                <line number="27" hits="319" branch="False" />
              </lines>
            </method>
            <method name="set_Frequency" signature="(System.Int32)" line-rate="1" branch-rate="1" complexity="1">
              <lines>
                <line number="28" hits="45" branch="False" />
              </lines>
            </method>
            <method name="get_Right" signature="()" line-rate="1" branch-rate="1" complexity="1">
              <lines>
                <line number="32" hits="10604350" branch="False" />
              </lines>
            </method>
            <method name="set_Right" signature="(ce100_hw3_algo_lib_cs.Huffman/Node)" line-rate="1" branch-rate="1" complexity="1">
              <lines>
                <line number="33" hits="22" branch="False" />
              </lines>
            </method>
            <method name="get_Left" signature="()" line-rate="1" branch-rate="1" complexity="1">
              <lines>
                <line number="37" hits="8400157" branch="False" />
              </lines>
            </method>
            <method name="set_Left" signature="(ce100_hw3_algo_lib_cs.Huffman/Node)" line-rate="1" branch-rate="1" complexity="1">
              <lines>
                <line number="38" hits="22" branch="False" />
              </lines>
            </method>
            <method name="Traverse" signature="(System.Char,System.Collections.Generic.List`1&lt;System.Boolean&gt;)" line-rate="1" branch-rate="1" complexity="12">
              <lines>
                <line number="42" hits="5047875" branch="False" />
                <line number="43" hits="5047875" branch="True" condition-coverage="100% (4/4)">
                  <conditions>
                    <condition number="7" type="jump" coverage="100%" />
                    <condition number="23" type="jump" coverage="100%" />
                  </conditions>
                </line>
                <line number="44" hits="2580025" branch="False" />
                <line number="46" hits="2580025" branch="True" condition-coverage="100% (2/2)">
                  <conditions>
                    <condition number="41" type="jump" coverage="100%" />
                  </conditions>
                </line>
                <line number="47" hits="112175" branch="False" />
                <line number="48" hits="112175" branch="False" />
                <line number="52" hits="2467850" branch="False" />
                <line number="53" hits="2467850" branch="False" />
                <line number="57" hits="2467850" branch="False" />
                <line number="59" hits="2467850" branch="False" />
                <line number="60" hits="2467850" branch="False" />
                <line number="63" hits="2467850" branch="True" condition-coverage="100% (2/2)">
                  <conditions>
                    <condition number="78" type="jump" coverage="100%" />
                  </conditions>
                </line>
                <line number="64" hits="2467850" branch="False" />
                <line number="66" hits="2467850" branch="False" />
                <line number="67" hits="2467850" branch="False" />
                <line number="68" hits="2467850" branch="False" />
                <line number="70" hits="2467850" branch="False" />
                <line number="71" hits="2467850" branch="False" />
                <line number="74" hits="2467850" branch="True" condition-coverage="100% (2/2)">
                  <conditions>
                    <condition number="135" type="jump" coverage="100%" />
                  </conditions>
                </line>
                <line number="75" hits="2467850" branch="False" />
                <line number="77" hits="2467850" branch="False" />
                <line number="78" hits="2467850" branch="False" />
                <line number="79" hits="2467850" branch="False" />
                <line number="81" hits="2467850" branch="False" />
                <line number="82" hits="2467850" branch="False" />
                <line number="85" hits="2467850" branch="True" condition-coverage="100% (2/2)">
                  <conditions>
                    <condition number="188" type="jump" coverage="100%" />
                  </conditions>
                </line>
                <line number="86" hits="210042" branch="False" />
                <line number="87" hits="210042" branch="False" />
                <line number="91" hits="2257808" branch="False" />
                <line number="92" hits="2257808" branch="False" />
                <line number="95" hits="5047875" branch="False" />
              </lines>
            </method>
          </methods>
          <lines>
            <line number="22" hits="2692200" branch="False" />
            <line number="23" hits="45" branch="False" />
            <line number="27" hits="319" branch="False" />
            <line number="28" hits="45" branch="False" />
            <line number="32" hits="10604350" branch="False" />
            <line number="33" hits="22" branch="False" />
            <line number="37" hits="8400157" branch="False" />
            <line number="38" hits="22" branch="False" />
            <line number="42" hits="5047875" branch="False" />
            <line number="43" hits="5047875" branch="True" condition-coverage="100% (4/4)">
              <conditions>
                <condition number="7" type="jump" coverage="100%" />
                <condition number="23" type="jump" coverage="100%" />
              </conditions>
            </line>
            <line number="44" hits="2580025" branch="False" />
            <line number="46" hits="2580025" branch="True" condition-coverage="100% (2/2)">
              <conditions>
                <condition number="41" type="jump" coverage="100%" />
              </conditions>
            </line>
            <line number="47" hits="112175" branch="False" />
            <line number="48" hits="112175" branch="False" />
            <line number="52" hits="2467850" branch="False" />
            <line number="53" hits="2467850" branch="False" />
            <line number="57" hits="2467850" branch="False" />
            <line number="59" hits="2467850" branch="False" />
            <line number="60" hits="2467850" branch="False" />
            <line number="63" hits="2467850" branch="True" condition-coverage="100% (2/2)">
              <conditions>
                <condition number="78" type="jump" coverage="100%" />
              </conditions>
            </line>
            <line number="64" hits="2467850" branch="False" />
            <line number="66" hits="2467850" branch="False" />
            <line number="67" hits="2467850" branch="False" />
            <line number="68" hits="2467850" branch="False" />
            <line number="70" hits="2467850" branch="False" />
            <line number="71" hits="2467850" branch="False" />
            <line number="74" hits="2467850" branch="True" condition-coverage="100% (2/2)">
              <conditions>
                <condition number="135" type="jump" coverage="100%" />
              </conditions>
            </line>
            <line number="75" hits="2467850" branch="False" />
            <line number="77" hits="2467850" branch="False" />
            <line number="78" hits="2467850" branch="False" />
            <line number="79" hits="2467850" branch="False" />
            <line number="81" hits="2467850" branch="False" />
            <line number="82" hits="2467850" branch="False" />
            <line number="85" hits="2467850" branch="True" condition-coverage="100% (2/2)">
              <conditions>
                <condition number="188" type="jump" coverage="100%" />
              </conditions>
            </line>
            <line number="86" hits="210042" branch="False" />
            <line number="87" hits="210042" branch="False" />
            <line number="91" hits="2257808" branch="False" />
            <line number="92" hits="2257808" branch="False" />
            <line number="95" hits="5047875" branch="False" />
          </lines>
        </class>
        <class name="ce100_hw3_algo_lib_cs.Huffman/HuffmanTree" filename="Huffman.cs" line-rate="1" branch-rate="1" complexity="27">
          <methods>
            <method name="get_Root" signature="()" line-rate="1" branch-rate="1" complexity="1">
              <lines>
                <line number="132" hits="224351" branch="False" />
              </lines>
            </method>
            <method name="set_Root" signature="(ce100_hw3_algo_lib_cs.Huffman/Node)" line-rate="1" branch-rate="1" complexity="1">
              <lines>
                <line number="133" hits="22" branch="False" />
              </lines>
            </method>
            <method name="Build" signature="(System.String)" line-rate="1" branch-rate="1" complexity="10">
              <lines>
                <line number="138" hits="1" branch="False" />
                <line number="140" hits="224352" branch="True" condition-coverage="100% (2/2)">
                  <conditions>
                    <condition number="103" type="jump" coverage="100%" />
                  </conditions>
                </line>
                <line number="141" hits="112175" branch="False" />
                <line number="143" hits="112175" branch="True" condition-coverage="100% (2/2)">
                  <conditions>
                    <condition number="29" type="jump" coverage="100%" />
                  </conditions>
                </line>
                <line number="144" hits="23" branch="False" />
                <line number="145" hits="23" branch="False" />
                <line number="146" hits="23" branch="False" />
                <line number="149" hits="112175" branch="False" />
                <line number="150" hits="112175" branch="False" />
                <line number="153" hits="49" branch="True" condition-coverage="100% (2/2)">
                  <conditions>
                    <condition number="184" type="jump" coverage="100%" />
                  </conditions>
                </line>
                <line number="154" hits="23" branch="False" />
                <line number="156" hits="23" branch="False" />
                <line number="157" hits="23" branch="False" />
                <line number="158" hits="23" branch="False" />
                <line number="159" hits="23" branch="False" />
                <line number="160" hits="23" branch="False" />
                <line number="161" hits="23" branch="False" />
                <line number="164" hits="23" branch="True" condition-coverage="100% (2/2)">
                  <conditions>
                    <condition number="468" type="jump" coverage="100%" />
                  </conditions>
                </line>
                <line number="165" hits="22" branch="False" />
                <line number="167" hits="297" branch="False" />
                <line number="170" hits="22" branch="True" condition-coverage="100% (2/2)">
                  <conditions>
                    <condition number="275" type="jump" coverage="100%" />
                  </conditions>
                </line>
                <line number="171" hits="22" branch="False" />
                <line number="173" hits="22" branch="False" />
                <line number="175" hits="22" branch="False" />
                <line number="176" hits="22" branch="False" />
                <line number="177" hits="22" branch="False" />
                <line number="178" hits="22" branch="False" />
                <line number="179" hits="22" branch="False" />
                <line number="180" hits="22" branch="False" />
                <line number="181" hits="22" branch="False" />
                <line number="183" hits="22" branch="False" />
                <line number="184" hits="22" branch="False" />
                <line number="186" hits="22" branch="False" />
                <line number="187" hits="22" branch="False" />
                <line number="190" hits="22" branch="False" />
                <line number="191" hits="22" branch="False" />
                <line number="192" hits="1" branch="False" />
              </lines>
            </method>
            <method name="Encode" signature="(System.String)" line-rate="1" branch-rate="1" complexity="2">
              <lines>
                <line number="195" hits="1" branch="False" />
                <line number="197" hits="1" branch="False" />
                <line number="200" hits="224352" branch="True" condition-coverage="100% (2/2)">
                  <conditions>
                    <condition number="62" type="jump" coverage="100%" />
                  </conditions>
                </line>
                <line number="201" hits="112175" branch="False" />
                <line number="203" hits="112175" branch="False" />
                <line number="205" hits="112175" branch="False" />
                <line number="206" hits="112175" branch="False" />
                <line number="209" hits="1" branch="False" />
                <line number="211" hits="1" branch="False" />
                <line number="212" hits="1" branch="False" />
              </lines>
            </method>
            <method name="Decode" signature="(System.Collections.BitArray)" line-rate="1" branch-rate="1" complexity="10">
              <lines>
                <line number="215" hits="1" branch="False" />
                <line number="217" hits="1" branch="False" />
                <line number="219" hits="1" branch="False" />
                <line number="222" hits="928691" branch="True" condition-coverage="100% (2/2)">
                  <conditions>
                    <condition number="149" type="jump" coverage="100%" />
                  </conditions>
                </line>
                <line number="223" hits="464344" branch="False" />
                <line number="225" hits="464344" branch="True" condition-coverage="100% (2/2)">
                  <conditions>
                    <condition number="42" type="jump" coverage="100%" />
                  </conditions>
                </line>
                <line number="226" hits="254300" branch="False" />
                <line number="227" hits="254300" branch="True" condition-coverage="100% (2/2)">
                  <conditions>
                    <condition number="58" type="jump" coverage="100%" />
                  </conditions>
                </line>
                <line number="228" hits="254300" branch="False" />
                <line number="229" hits="254300" branch="False" />
                <line number="230" hits="254300" branch="False" />
                <line number="231" hits="254300" branch="False" />
                <line number="234" hits="210044" branch="False" />
                <line number="235" hits="210044" branch="True" condition-coverage="100% (2/2)">
                  <conditions>
                    <condition number="86" type="jump" coverage="100%" />
                  </conditions>
                </line>
                <line number="236" hits="210044" branch="False" />
                <line number="237" hits="210044" branch="False" />
                <line number="238" hits="210044" branch="False" />
                <line number="239" hits="210044" branch="False" />
                <line number="242" hits="464344" branch="True" condition-coverage="100% (2/2)">
                  <conditions>
                    <condition number="109" type="jump" coverage="100%" />
                  </conditions>
                </line>
                <line number="243" hits="112175" branch="False" />
                <line number="245" hits="112175" branch="False" />
                <line number="247" hits="112175" branch="False" />
                <line number="248" hits="112175" branch="False" />
                <line number="249" hits="464344" branch="False" />
                <line number="252" hits="1" branch="False" />
                <line number="253" hits="1" branch="False" />
              </lines>
            </method>
            <method name="IsLeaf" signature="(ce100_hw3_algo_lib_cs.Huffman/Node)" line-rate="1" branch-rate="1" complexity="2">
              <lines>
                <line number="256" hits="464344" branch="False" />
                <line number="259" hits="464344" branch="True" condition-coverage="100% (2/2)">
                  <conditions>
                    <condition number="7" type="jump" coverage="100%" />
                  </conditions>
                </line>
                <line number="260" hits="464344" branch="False" />
              </lines>
            </method>
            <method name=".ctor" signature="()" line-rate="1" branch-rate="1" complexity="1">
              <lines>
                <line number="129" hits="1" branch="False" />
                <line number="135" hits="1" branch="False" />
              </lines>
            </method>
          </methods>
          <lines>
            <line number="132" hits="224351" branch="False" />
            <line number="133" hits="22" branch="False" />
            <line number="138" hits="1" branch="False" />
            <line number="140" hits="224352" branch="True" condition-coverage="100% (2/2)">
              <conditions>
                <condition number="103" type="jump" coverage="100%" />
              </conditions>
            </line>
            <line number="141" hits="112175" branch="False" />
            <line number="143" hits="112175" branch="True" condition-coverage="100% (2/2)">
              <conditions>
                <condition number="29" type="jump" coverage="100%" />
              </conditions>
            </line>
            <line number="144" hits="23" branch="False" />
            <line number="145" hits="23" branch="False" />
            <line number="146" hits="23" branch="False" />
            <line number="149" hits="112175" branch="False" />
            <line number="150" hits="112175" branch="False" />
            <line number="153" hits="49" branch="True" condition-coverage="100% (2/2)">
              <conditions>
                <condition number="184" type="jump" coverage="100%" />
              </conditions>
            </line>
            <line number="154" hits="23" branch="False" />
            <line number="156" hits="23" branch="False" />
            <line number="157" hits="23" branch="False" />
            <line number="158" hits="23" branch="False" />
            <line number="159" hits="23" branch="False" />
            <line number="160" hits="23" branch="False" />
            <line number="161" hits="23" branch="False" />
            <line number="164" hits="23" branch="True" condition-coverage="100% (2/2)">
              <conditions>
                <condition number="468" type="jump" coverage="100%" />
              </conditions>
            </line>
            <line number="165" hits="22" branch="False" />
            <line number="167" hits="297" branch="False" />
            <line number="170" hits="22" branch="True" condition-coverage="100% (2/2)">
              <conditions>
                <condition number="275" type="jump" coverage="100%" />
              </conditions>
            </line>
            <line number="171" hits="22" branch="False" />
            <line number="173" hits="22" branch="False" />
            <line number="175" hits="22" branch="False" />
            <line number="176" hits="22" branch="False" />
            <line number="177" hits="22" branch="False" />
            <line number="178" hits="22" branch="False" />
            <line number="179" hits="22" branch="False" />
            <line number="180" hits="22" branch="False" />
            <line number="181" hits="22" branch="False" />
            <line number="183" hits="22" branch="False" />
            <line number="184" hits="22" branch="False" />
            <line number="186" hits="22" branch="False" />
            <line number="187" hits="22" branch="False" />
            <line number="190" hits="22" branch="False" />
            <line number="191" hits="22" branch="False" />
            <line number="192" hits="1" branch="False" />
            <line number="195" hits="1" branch="False" />
            <line number="197" hits="1" branch="False" />
            <line number="200" hits="224352" branch="True" condition-coverage="100% (2/2)">
              <conditions>
                <condition number="62" type="jump" coverage="100%" />
              </conditions>
            </line>
            <line number="201" hits="112175" branch="False" />
            <line number="203" hits="112175" branch="False" />
            <line number="205" hits="112175" branch="False" />
            <line number="206" hits="112175" branch="False" />
            <line number="209" hits="1" branch="False" />
            <line number="211" hits="1" branch="False" />
            <line number="212" hits="1" branch="False" />
            <line number="215" hits="1" branch="False" />
            <line number="217" hits="1" branch="False" />
            <line number="219" hits="1" branch="False" />
            <line number="222" hits="928691" branch="True" condition-coverage="100% (2/2)">
              <conditions>
                <condition number="149" type="jump" coverage="100%" />
              </conditions>
            </line>
            <line number="223" hits="464344" branch="False" />
            <line number="225" hits="464344" branch="True" condition-coverage="100% (2/2)">
              <conditions>
                <condition number="42" type="jump" coverage="100%" />
              </conditions>
            </line>
            <line number="226" hits="254300" branch="False" />
            <line number="227" hits="254300" branch="True" condition-coverage="100% (2/2)">
              <conditions>
                <condition number="58" type="jump" coverage="100%" />
              </conditions>
            </line>
            <line number="228" hits="254300" branch="False" />
            <line number="229" hits="254300" branch="False" />
            <line number="230" hits="254300" branch="False" />
            <line number="231" hits="254300" branch="False" />
            <line number="234" hits="210044" branch="False" />
            <line number="235" hits="210044" branch="True" condition-coverage="100% (2/2)">
              <conditions>
                <condition number="86" type="jump" coverage="100%" />
              </conditions>
            </line>
            <line number="236" hits="210044" branch="False" />
            <line number="237" hits="210044" branch="False" />
            <line number="238" hits="210044" branch="False" />
            <line number="239" hits="210044" branch="False" />
            <line number="242" hits="464344" branch="True" condition-coverage="100% (2/2)">
              <conditions>
                <condition number="109" type="jump" coverage="100%" />
              </conditions>
            </line>
            <line number="243" hits="112175" branch="False" />
            <line number="245" hits="112175" branch="False" />
            <line number="247" hits="112175" branch="False" />
            <line number="248" hits="112175" branch="False" />
            <line number="249" hits="464344" branch="False" />
            <line number="252" hits="1" branch="False" />
            <line number="253" hits="1" branch="False" />
            <line number="256" hits="464344" branch="False" />
            <line number="259" hits="464344" branch="True" condition-coverage="100% (2/2)">
              <conditions>
                <condition number="7" type="jump" coverage="100%" />
              </conditions>
            </line>
            <line number="260" hits="464344" branch="False" />
            <line number="129" hits="1" branch="False" />
            <line number="135" hits="1" branch="False" />
          </lines>
        </class>
        <class name="ce100_hw3_algo_lib_cs.Huffman/Node_mp3" filename="Huffman.cs" line-rate="1" branch-rate="0.9285" complexity="22">
          <methods>
            <method name="get_Symbol" signature="()" line-rate="1" branch-rate="1" complexity="1">
              <lines>
                <line number="275" hits="28828975" branch="False" />
              </lines>
            </method>
            <method name="set_Symbol" signature="(System.Byte)" line-rate="1" branch-rate="1" complexity="1">
              <lines>
                <line number="276" hits="511" branch="False" />
              </lines>
            </method>
            <method name="get_Frequency" signature="()" line-rate="1" branch-rate="1" complexity="1">
              <lines>
                <line number="280" hits="33405" branch="False" />
              </lines>
            </method>
            <method name="set_Frequency" signature="(System.Int32)" line-rate="1" branch-rate="1" complexity="1">
              <lines>
                <line number="281" hits="511" branch="False" />
              </lines>
            </method>
            <method name="get_Left" signature="()" line-rate="1" branch-rate="1" complexity="1">
              <lines>
                <line number="285" hits="116278637" branch="False" />
              </lines>
            </method>
            <method name="set_Left" signature="(ce100_hw3_algo_lib_cs.Huffman/Node_mp3)" line-rate="1" branch-rate="1" complexity="1">
              <lines>
                <line number="286" hits="255" branch="False" />
              </lines>
            </method>
            <method name="get_Right" signature="()" line-rate="1" branch-rate="1" complexity="1">
              <lines>
                <line number="290" hits="86968783" branch="False" />
              </lines>
            </method>
            <method name="set_Right" signature="(ce100_hw3_algo_lib_cs.Huffman/Node_mp3)" line-rate="1" branch-rate="1" complexity="1">
              <lines>
                <line number="291" hits="255" branch="False" />
              </lines>
            </method>
            <method name="Traverse_mp3" signature="(System.Nullable`1&lt;System.Byte&gt;,System.Collections.Generic.List`1&lt;System.Boolean&gt;)" line-rate="1" branch-rate="0.9285" complexity="14">
              <lines>
                <line number="295" hits="57321425" branch="False" />
                <line number="296" hits="57321425" branch="True" condition-coverage="100% (4/4)">
                  <conditions>
                    <condition number="7" type="jump" coverage="100%" />
                    <condition number="23" type="jump" coverage="100%" />
                  </conditions>
                </line>
                <line number="297" hits="28716800" branch="False" />
                <line number="299" hits="28716800" branch="True" condition-coverage="75% (3/4)">
                  <conditions>
                    <condition number="41" type="jump" coverage="50%" />
                    <condition number="87" type="jump" coverage="100%" />
                  </conditions>
                </line>
                <line number="300" hits="112175" branch="False" />
                <line number="301" hits="112175" branch="False" />
                <line number="305" hits="28604625" branch="False" />
                <line number="306" hits="28604625" branch="False" />
                <line number="310" hits="28604625" branch="False" />
                <line number="312" hits="28604625" branch="False" />
                <line number="313" hits="28604625" branch="False" />
                <line number="316" hits="28604625" branch="True" condition-coverage="100% (2/2)">
                  <conditions>
                    <condition number="127" type="jump" coverage="100%" />
                  </conditions>
                </line>
                <line number="317" hits="28604625" branch="False" />
                <line number="319" hits="28604625" branch="False" />
                <line number="320" hits="28604625" branch="False" />
                <line number="321" hits="28604625" branch="False" />
                <line number="323" hits="28604625" branch="False" />
                <line number="324" hits="28604625" branch="False" />
                <line number="327" hits="28604625" branch="True" condition-coverage="100% (2/2)">
                  <conditions>
                    <condition number="185" type="jump" coverage="100%" />
                  </conditions>
                </line>
                <line number="328" hits="28604625" branch="False" />
                <line number="330" hits="28604625" branch="False" />
                <line number="331" hits="28604625" branch="False" />
                <line number="332" hits="28604625" branch="False" />
                <line number="334" hits="28604625" branch="False" />
                <line number="335" hits="28604625" branch="False" />
                <line number="338" hits="28604625" branch="True" condition-coverage="100% (2/2)">
                  <conditions>
                    <condition number="239" type="jump" coverage="100%" />
                  </conditions>
                </line>
                <line number="339" hits="427559" branch="False" />
                <line number="340" hits="427559" branch="False" />
                <line number="344" hits="28177066" branch="False" />
                <line number="345" hits="28177066" branch="False" />
                <line number="348" hits="57321425" branch="False" />
              </lines>
            </method>
          </methods>
          <lines>
            <line number="275" hits="28828975" branch="False" />
            <line number="276" hits="511" branch="False" />
            <line number="280" hits="33405" branch="False" />
            <line number="281" hits="511" branch="False" />
            <line number="285" hits="116278637" branch="False" />
            <line number="286" hits="255" branch="False" />
            <line number="290" hits="86968783" branch="False" />
            <line number="291" hits="255" branch="False" />
            <line number="295" hits="57321425" branch="False" />
            <line number="296" hits="57321425" branch="True" condition-coverage="100% (4/4)">
              <conditions>
                <condition number="7" type="jump" coverage="100%" />
                <condition number="23" type="jump" coverage="100%" />
              </conditions>
            </line>
            <line number="297" hits="28716800" branch="False" />
            <line number="299" hits="28716800" branch="True" condition-coverage="75% (3/4)">
              <conditions>
                <condition number="41" type="jump" coverage="50%" />
                <condition number="87" type="jump" coverage="100%" />
              </conditions>
            </line>
            <line number="300" hits="112175" branch="False" />
            <line number="301" hits="112175" branch="False" />
            <line number="305" hits="28604625" branch="False" />
            <line number="306" hits="28604625" branch="False" />
            <line number="310" hits="28604625" branch="False" />
            <line number="312" hits="28604625" branch="False" />
            <line number="313" hits="28604625" branch="False" />
            <line number="316" hits="28604625" branch="True" condition-coverage="100% (2/2)">
              <conditions>
                <condition number="127" type="jump" coverage="100%" />
              </conditions>
            </line>
            <line number="317" hits="28604625" branch="False" />
            <line number="319" hits="28604625" branch="False" />
            <line number="320" hits="28604625" branch="False" />
            <line number="321" hits="28604625" branch="False" />
            <line number="323" hits="28604625" branch="False" />
            <line number="324" hits="28604625" branch="False" />
            <line number="327" hits="28604625" branch="True" condition-coverage="100% (2/2)">
              <conditions>
                <condition number="185" type="jump" coverage="100%" />
              </conditions>
            </line>
            <line number="328" hits="28604625" branch="False" />
            <line number="330" hits="28604625" branch="False" />
            <line number="331" hits="28604625" branch="False" />
            <line number="332" hits="28604625" branch="False" />
            <line number="334" hits="28604625" branch="False" />
            <line number="335" hits="28604625" branch="False" />
            <line number="338" hits="28604625" branch="True" condition-coverage="100% (2/2)">
              <conditions>
                <condition number="239" type="jump" coverage="100%" />
              </conditions>
            </line>
            <line number="339" hits="427559" branch="False" />
            <line number="340" hits="427559" branch="False" />
            <line number="344" hits="28177066" branch="False" />
            <line number="345" hits="28177066" branch="False" />
            <line number="348" hits="57321425" branch="False" />
          </lines>
        </class>
        <class name="ce100_hw3_algo_lib_cs.Huffman/HuffmanTree_mp3" filename="Huffman.cs" line-rate="1" branch-rate="1" complexity="27">
          <methods>
            <method name="get_Root" signature="()" line-rate="1" branch-rate="1" complexity="1">
              <lines>
                <line number="356" hits="224351" branch="False" />
              </lines>
            </method>
            <method name="set_Root" signature="(ce100_hw3_algo_lib_cs.Huffman/Node_mp3)" line-rate="1" branch-rate="1" complexity="1">
              <lines>
                <line number="357" hits="255" branch="False" />
              </lines>
            </method>
            <method name="Build" signature="(System.Byte[])" line-rate="1" branch-rate="1" complexity="10">
              <lines>
                <line number="362" hits="1" branch="False" />
                <line number="364" hits="224352" branch="True" condition-coverage="100% (2/2)">
                  <conditions>
                    <condition number="88" type="jump" coverage="100%" />
                  </conditions>
                </line>
                <line number="365" hits="112175" branch="False" />
                <line number="367" hits="112175" branch="True" condition-coverage="100% (2/2)">
                  <conditions>
                    <condition number="25" type="jump" coverage="100%" />
                  </conditions>
                </line>
                <line number="368" hits="256" branch="False" />
                <line number="369" hits="256" branch="False" />
                <line number="370" hits="256" branch="False" />
                <line number="373" hits="112175" branch="False" />
                <line number="374" hits="112175" branch="False" />
                <line number="377" hits="515" branch="True" condition-coverage="100% (2/2)">
                  <conditions>
                    <condition number="169" type="jump" coverage="100%" />
                  </conditions>
                </line>
                <line number="378" hits="256" branch="False" />
                <line number="380" hits="256" branch="False" />
                <line number="381" hits="256" branch="False" />
                <line number="382" hits="256" branch="False" />
                <line number="383" hits="256" branch="False" />
                <line number="384" hits="256" branch="False" />
                <line number="385" hits="256" branch="False" />
                <line number="388" hits="256" branch="True" condition-coverage="100% (2/2)">
                  <conditions>
                    <condition number="456" type="jump" coverage="100%" />
                  </conditions>
                </line>
                <line number="389" hits="255" branch="False" />
                <line number="391" hits="33150" branch="False" />
                <line number="394" hits="255" branch="True" condition-coverage="100% (2/2)">
                  <conditions>
                    <condition number="260" type="jump" coverage="100%" />
                  </conditions>
                </line>
                <line number="395" hits="255" branch="False" />
                <line number="397" hits="255" branch="False" />
                <line number="399" hits="255" branch="False" />
                <line number="400" hits="255" branch="False" />
                <line number="401" hits="255" branch="False" />
                <line number="402" hits="255" branch="False" />
                <line number="403" hits="255" branch="False" />
                <line number="404" hits="255" branch="False" />
                <line number="405" hits="255" branch="False" />
                <line number="407" hits="255" branch="False" />
                <line number="408" hits="255" branch="False" />
                <line number="410" hits="255" branch="False" />
                <line number="411" hits="255" branch="False" />
                <line number="414" hits="255" branch="False" />
                <line number="415" hits="255" branch="False" />
                <line number="416" hits="1" branch="False" />
              </lines>
            </method>
            <method name="Encode" signature="(System.Byte[])" line-rate="1" branch-rate="1" complexity="2">
              <lines>
                <line number="418" hits="1" branch="False" />
                <line number="420" hits="1" branch="False" />
                <line number="423" hits="224352" branch="True" condition-coverage="100% (2/2)">
                  <conditions>
                    <condition number="60" type="jump" coverage="100%" />
                  </conditions>
                </line>
                <line number="424" hits="112175" branch="False" />
                <line number="426" hits="112175" branch="False" />
                <line number="428" hits="112175" branch="False" />
                <line number="429" hits="112175" branch="False" />
                <line number="432" hits="1" branch="False" />
                <line number="434" hits="1" branch="False" />
                <line number="435" hits="1" branch="False" />
              </lines>
            </method>
            <method name="Decode" signature="(System.Collections.BitArray)" line-rate="1" branch-rate="1" complexity="10">
              <lines>
                <line number="438" hits="1" branch="False" />
                <line number="440" hits="1" branch="False" />
                <line number="442" hits="1" branch="False" />
                <line number="445" hits="1785683" branch="True" condition-coverage="100% (2/2)">
                  <conditions>
                    <condition number="140" type="jump" coverage="100%" />
                  </conditions>
                </line>
                <line number="446" hits="892840" branch="False" />
                <line number="448" hits="892840" branch="True" condition-coverage="100% (2/2)">
                  <conditions>
                    <condition number="42" type="jump" coverage="100%" />
                  </conditions>
                </line>
                <line number="449" hits="465279" branch="False" />
                <line number="450" hits="465279" branch="True" condition-coverage="100% (2/2)">
                  <conditions>
                    <condition number="58" type="jump" coverage="100%" />
                  </conditions>
                </line>
                <line number="451" hits="465279" branch="False" />
                <line number="452" hits="465279" branch="False" />
                <line number="453" hits="465279" branch="False" />
                <line number="454" hits="465279" branch="False" />
                <line number="457" hits="427561" branch="False" />
                <line number="458" hits="427561" branch="True" condition-coverage="100% (2/2)">
                  <conditions>
                    <condition number="86" type="jump" coverage="100%" />
                  </conditions>
                </line>
                <line number="459" hits="427561" branch="False" />
                <line number="460" hits="427561" branch="False" />
                <line number="461" hits="427561" branch="False" />
                <line number="462" hits="427561" branch="False" />
                <line number="465" hits="892840" branch="True" condition-coverage="100% (2/2)">
                  <conditions>
                    <condition number="109" type="jump" coverage="100%" />
                  </conditions>
                </line>
                <line number="466" hits="112175" branch="False" />
                <line number="468" hits="112175" branch="False" />
                <line number="470" hits="112175" branch="False" />
                <line number="471" hits="112175" branch="False" />
                <line number="472" hits="892840" branch="False" />
                <line number="475" hits="1" branch="False" />
                <line number="476" hits="1" branch="False" />
              </lines>
            </method>
            <method name="IsLeaf" signature="(ce100_hw3_algo_lib_cs.Huffman/Node_mp3)" line-rate="1" branch-rate="1" complexity="2">
              <lines>
                <line number="479" hits="892840" branch="False" />
                <line number="482" hits="892840" branch="True" condition-coverage="100% (2/2)">
                  <conditions>
                    <condition number="7" type="jump" coverage="100%" />
                  </conditions>
                </line>
                <line number="483" hits="892840" branch="False" />
              </lines>
            </method>
            <method name=".ctor" signature="()" line-rate="1" branch-rate="1" complexity="1">
              <lines>
                <line number="353" hits="1" branch="False" />
                <line number="359" hits="1" branch="False" />
              </lines>
            </method>
          </methods>
          <lines>
            <line number="356" hits="224351" branch="False" />
            <line number="357" hits="255" branch="False" />
            <line number="362" hits="1" branch="False" />
            <line number="364" hits="224352" branch="True" condition-coverage="100% (2/2)">
              <conditions>
                <condition number="88" type="jump" coverage="100%" />
              </conditions>
            </line>
            <line number="365" hits="112175" branch="False" />
            <line number="367" hits="112175" branch="True" condition-coverage="100% (2/2)">
              <conditions>
                <condition number="25" type="jump" coverage="100%" />
              </conditions>
            </line>
            <line number="368" hits="256" branch="False" />
            <line number="369" hits="256" branch="False" />
            <line number="370" hits="256" branch="False" />
            <line number="373" hits="112175" branch="False" />
            <line number="374" hits="112175" branch="False" />
            <line number="377" hits="515" branch="True" condition-coverage="100% (2/2)">
              <conditions>
                <condition number="169" type="jump" coverage="100%" />
              </conditions>
            </line>
            <line number="378" hits="256" branch="False" />
            <line number="380" hits="256" branch="False" />
            <line number="381" hits="256" branch="False" />
            <line number="382" hits="256" branch="False" />
            <line number="383" hits="256" branch="False" />
            <line number="384" hits="256" branch="False" />
            <line number="385" hits="256" branch="False" />
            <line number="388" hits="256" branch="True" condition-coverage="100% (2/2)">
              <conditions>
                <condition number="456" type="jump" coverage="100%" />
              </conditions>
            </line>
            <line number="389" hits="255" branch="False" />
            <line number="391" hits="33150" branch="False" />
            <line number="394" hits="255" branch="True" condition-coverage="100% (2/2)">
              <conditions>
                <condition number="260" type="jump" coverage="100%" />
              </conditions>
            </line>
            <line number="395" hits="255" branch="False" />
            <line number="397" hits="255" branch="False" />
            <line number="399" hits="255" branch="False" />
            <line number="400" hits="255" branch="False" />
            <line number="401" hits="255" branch="False" />
            <line number="402" hits="255" branch="False" />
            <line number="403" hits="255" branch="False" />
            <line number="404" hits="255" branch="False" />
            <line number="405" hits="255" branch="False" />
            <line number="407" hits="255" branch="False" />
            <line number="408" hits="255" branch="False" />
            <line number="410" hits="255" branch="False" />
            <line number="411" hits="255" branch="False" />
            <line number="414" hits="255" branch="False" />
            <line number="415" hits="255" branch="False" />
            <line number="416" hits="1" branch="False" />
            <line number="418" hits="1" branch="False" />
            <line number="420" hits="1" branch="False" />
            <line number="423" hits="224352" branch="True" condition-coverage="100% (2/2)">
              <conditions>
                <condition number="60" type="jump" coverage="100%" />
              </conditions>
            </line>
            <line number="424" hits="112175" branch="False" />
            <line number="426" hits="112175" branch="False" />
            <line number="428" hits="112175" branch="False" />
            <line number="429" hits="112175" branch="False" />
            <line number="432" hits="1" branch="False" />
            <line number="434" hits="1" branch="False" />
            <line number="435" hits="1" branch="False" />
            <line number="438" hits="1" branch="False" />
            <line number="440" hits="1" branch="False" />
            <line number="442" hits="1" branch="False" />
            <line number="445" hits="1785683" branch="True" condition-coverage="100% (2/2)">
              <conditions>
                <condition number="140" type="jump" coverage="100%" />
              </conditions>
            </line>
            <line number="446" hits="892840" branch="False" />
            <line number="448" hits="892840" branch="True" condition-coverage="100% (2/2)">
              <conditions>
                <condition number="42" type="jump" coverage="100%" />
              </conditions>
            </line>
            <line number="449" hits="465279" branch="False" />
            <line number="450" hits="465279" branch="True" condition-coverage="100% (2/2)">
              <conditions>
                <condition number="58" type="jump" coverage="100%" />
              </conditions>
            </line>
            <line number="451" hits="465279" branch="False" />
            <line number="452" hits="465279" branch="False" />
            <line number="453" hits="465279" branch="False" />
            <line number="454" hits="465279" branch="False" />
            <line number="457" hits="427561" branch="False" />
            <line number="458" hits="427561" branch="True" condition-coverage="100% (2/2)">
              <conditions>
                <condition number="86" type="jump" coverage="100%" />
              </conditions>
            </line>
            <line number="459" hits="427561" branch="False" />
            <line number="460" hits="427561" branch="False" />
            <line number="461" hits="427561" branch="False" />
            <line number="462" hits="427561" branch="False" />
            <line number="465" hits="892840" branch="True" condition-coverage="100% (2/2)">
              <conditions>
                <condition number="109" type="jump" coverage="100%" />
              </conditions>
            </line>
            <line number="466" hits="112175" branch="False" />
            <line number="468" hits="112175" branch="False" />
            <line number="470" hits="112175" branch="False" />
            <line number="471" hits="112175" branch="False" />
            <line number="472" hits="892840" branch="False" />
            <line number="475" hits="1" branch="False" />
            <line number="476" hits="1" branch="False" />
            <line number="479" hits="892840" branch="False" />
            <line number="482" hits="892840" branch="True" condition-coverage="100% (2/2)">
              <conditions>
                <condition number="7" type="jump" coverage="100%" />
              </conditions>
            </line>
            <line number="483" hits="892840" branch="False" />
            <line number="353" hits="1" branch="False" />
            <line number="359" hits="1" branch="False" />
          </lines>
        </class>
      </classes>
    </package>
  </packages>
</coverage>